2022.05.04 06:40:50 INFO  tracing is disabled for protocol LSP, to enable tracing of incoming and outgoing JSON messages create an empty file at c:\Users\Sam\Documents\Coursera\Functional Programming in Scala\FunctionalProgrammingInScalaSpecialization\.metals\lsp.trace.json or C:\Users\Sam\AppData\Local\scalameta\metals\cache\lsp.trace.json
2022.05.04 06:40:51 INFO  logging to file C:\Users\Sam\Documents\Coursera\Functional Programming in Scala\FunctionalProgrammingInScalaSpecialization\.metals\metals.log
2022.05.04 06:40:51 INFO  Started: Metals version 0.11.5 in workspace 'C:\Users\Sam\Documents\Coursera\Functional Programming in Scala\FunctionalProgrammingInScalaSpecialization' for client Visual Studio Code 1.66.2.
2022.05.04 06:40:54 INFO  time: initialize in 3.21s
2022.05.04 06:40:54 WARN  Flyway upgrade recommended: H2 2.1.212 is newer than this version of Flyway and support has not been tested. The latest supported version of H2 is 2.1.210.
2022.05.04 06:40:54 WARN  Build server is not auto-connectable.
2022.05.04 06:40:54 WARN  no build tool detected in workspace 'C:\Users\Sam\Documents\Coursera\Functional Programming in Scala\FunctionalProgrammingInScalaSpecialization'. The most common cause for this problem is that the editor was opened in the wrong working directory, for example if you use sbt then the workspace directory should contain build.sbt. 
2022.05.04 06:40:55 WARN  no build target for: C:\Users\Sam\Documents\Coursera\Functional Programming in Scala\FunctionalProgrammingInScalaSpecialization\C1 W1\test..scala
2022.05.04 06:40:58 INFO  no build target found for C:\Users\Sam\Documents\Coursera\Functional Programming in Scala\FunctionalProgrammingInScalaSpecialization\C1 W1\test..scala. Using presentation compiler with project's scala-library version: 3.1.2
2022.05.04 06:40:59 INFO  time: code lens generation in 3.91s
2022.05.04 06:40:59 INFO  time: code lens generation in 3.91s
2022.05.04 06:41:41 INFO  no build target found for C:\Users\Sam\Documents\Coursera\Functional Programming in Scala\FunctionalProgrammingInScalaSpecialization\C1 W1\test.worksheet.sc. Using presentation compiler with project's scala-library version: 3.1.2
2022.05.04 06:41:41 INFO  time: evaluated worksheet 'test.worksheet.sc' in 10s
2022.05.04 06:42:09 INFO  time: evaluated worksheet 'test.worksheet.sc' in 1s
2022.05.04 06:42:20 INFO  time: evaluated worksheet 'test.worksheet.sc' in 0.52s
2022.05.04 06:46:48 WARN  no build target for: C:\Users\Sam\Documents\Coursera\Functional Programming in Scala\FunctionalProgrammingInScalaSpecialization\C1 W1\example\src\main\scala\example\Lists.scala
2022.05.04 06:46:55 INFO  time: evaluated worksheet 'test.worksheet.sc' in 0.45s
2022.05.04 06:47:00 WARN  no build target for: C:\Users\Sam\Documents\Coursera\Functional Programming in Scala\FunctionalProgrammingInScalaSpecialization\C1 W1\example\src\main\scala\example\Lists.scala
May 04, 2022 6:53:45 AM org.eclipse.lsp4j.jsonrpc.RemoteEndpoint handleCancellation
WARNING: Unmatched cancel notification for request id 162
2022.05.04 12:57:08 WARN  no build target for: C:\Users\Sam\Documents\Coursera\Functional Programming in Scala\FunctionalProgrammingInScalaSpecialization\C1 W1\example\src\main\scala\example\Lists.scala
2022.05.04 12:58:28 WARN  no build target for: C:\Users\Sam\Documents\Coursera\Functional Programming in Scala\FunctionalProgrammingInScalaSpecialization\C1 W1\example\src\main\scala\example\Lists.scala
2022.05.04 12:58:57 WARN  no build target for: C:\Users\Sam\Documents\Coursera\Functional Programming in Scala\FunctionalProgrammingInScalaSpecialization\C1 W1\example\src\main\scala\example\Lists.scala
2022.05.04 13:01:12 WARN  no build target for: C:\Users\Sam\Documents\Coursera\Functional Programming in Scala\FunctionalProgrammingInScalaSpecialization\C1 W1\example\src\main\scala\example\Lists.scala
2022.05.04 13:08:12 WARN  no build target for: C:\Users\Sam\Documents\Coursera\Functional Programming in Scala\FunctionalProgrammingInScalaSpecialization\C1 W1\example\src\main\scala\example\main.scala
2022.05.04 13:08:45 WARN  no build target for: C:\Users\Sam\Documents\Coursera\Functional Programming in Scala\FunctionalProgrammingInScalaSpecialization\C1 W1\example\src\main\scala\example\main.scala
2022.05.04 13:09:48 WARN  no build target for: C:\Users\Sam\Documents\Coursera\Functional Programming in Scala\FunctionalProgrammingInScalaSpecialization\C1 W1\example\src\main\scala\main.scala
2022.05.04 13:10:35 WARN  no build target for: C:\Users\Sam\Documents\Coursera\Functional Programming in Scala\FunctionalProgrammingInScalaSpecialization\C1 W1\example\src\main\scala\main.scala
2022.05.04 13:10:47 WARN  no build target for: C:\Users\Sam\Documents\Coursera\Functional Programming in Scala\FunctionalProgrammingInScalaSpecialization\C1 W1\example\src\main\scala\main.scala
2022.05.04 13:14:28 WARN  no build target for: C:\Users\Sam\Documents\Coursera\Functional Programming in Scala\FunctionalProgrammingInScalaSpecialization\C1 W1\example\src\main\scala\example\Lists.scala
2022.05.04 13:14:40 WARN  no build target for: C:\Users\Sam\Documents\Coursera\Functional Programming in Scala\FunctionalProgrammingInScalaSpecialization\C1 W1\example\src\main\scala\main.scala
May 04, 2022 1:22:15 PM org.eclipse.lsp4j.jsonrpc.RemoteEndpoint fallbackResponseError
SEVERE: Internal error: java.lang.reflect.InvocationTargetException
java.lang.RuntimeException: java.lang.reflect.InvocationTargetException
	at org.eclipse.lsp4j.jsonrpc.services.GenericEndpoint.lambda$null$0(GenericEndpoint.java:67)
	at org.eclipse.lsp4j.jsonrpc.services.GenericEndpoint.request(GenericEndpoint.java:120)
	at org.eclipse.lsp4j.jsonrpc.RemoteEndpoint.handleRequest(RemoteEndpoint.java:261)
	at org.eclipse.lsp4j.jsonrpc.RemoteEndpoint.consume(RemoteEndpoint.java:190)
	at org.eclipse.lsp4j.jsonrpc.json.StreamMessageProducer.handleMessage(StreamMessageProducer.java:194)
	at org.eclipse.lsp4j.jsonrpc.json.StreamMessageProducer.listen(StreamMessageProducer.java:94)
	at org.eclipse.lsp4j.jsonrpc.json.ConcurrentMessageProcessor.run(ConcurrentMessageProcessor.java:113)
	at java.base/java.util.concurrent.Executors$RunnableAdapter.call(Executors.java:539)
	at java.base/java.util.concurrent.FutureTask.run(FutureTask.java:264)
	at java.base/java.util.concurrent.ThreadPoolExecutor.runWorker(ThreadPoolExecutor.java:1136)
	at java.base/java.util.concurrent.ThreadPoolExecutor$Worker.run(ThreadPoolExecutor.java:635)
	at java.base/java.lang.Thread.run(Thread.java:833)
Caused by: java.lang.reflect.InvocationTargetException
	at jdk.internal.reflect.GeneratedMethodAccessor6.invoke(Unknown Source)
	at java.base/jdk.internal.reflect.DelegatingMethodAccessorImpl.invoke(DelegatingMethodAccessorImpl.java:43)
	at java.base/java.lang.reflect.Method.invoke(Method.java:568)
	at org.eclipse.lsp4j.jsonrpc.services.GenericEndpoint.lambda$null$0(GenericEndpoint.java:65)
	... 11 more
Caused by: java.lang.IllegalArgumentException: 42 is not a valid line number, allowed [0..41]
	at scala.meta.internal.inputs.InternalInput.lineToOffset(InternalInput.scala:37)
	at scala.meta.internal.inputs.InternalInput.lineToOffset$(InternalInput.scala:32)
	at scala.meta.inputs.Input$VirtualFile.lineToOffset(Input.scala:80)
	at scala.meta.inputs.Position$Range$.apply(Position.scala:59)
	at scala.meta.internal.mtags.MtagsEnrichments$XtensionPositionLspInverse.toMeta(MtagsEnrichments.scala:179)
	at scala.meta.internal.parsing.Trees.$anonfun$findLastEnclosingAt$4(Trees.scala:76)
	at scala.Option.flatMap(Option.scala:283)
	at scala.meta.internal.parsing.Trees.findLastEnclosingAt(Trees.scala:75)
	at scala.meta.internal.metals.codeactions.PatternMatchRefactor.contribute(PatternMatchRefactor.scala:96)
	at scala.meta.internal.metals.CodeActionProvider$$anonfun$1.applyOrElse(CodeActionProvider.scala:64)
	at scala.meta.internal.metals.CodeActionProvider$$anonfun$1.applyOrElse(CodeActionProvider.scala:63)
	at scala.collection.immutable.List.collect(List.scala:275)
	at scala.meta.internal.metals.CodeActionProvider.codeActions(CodeActionProvider.scala:63)
	at scala.meta.internal.metals.MetalsLanguageServer.$anonfun$codeAction$1(MetalsLanguageServer.scala:1639)
	at scala.meta.internal.metals.CancelTokens$.future(CancelTokens.scala:38)
	at scala.meta.internal.metals.MetalsLanguageServer.codeAction(MetalsLanguageServer.scala:1638)
	... 15 more

2022.05.04 13:24:22 WARN  no build target for: C:\Users\Sam\Documents\Coursera\Functional Programming in Scala\FunctionalProgrammingInScalaSpecialization\C1 W1\example\src\main\scala\example\Lists.scala
May 04, 2022 1:24:50 PM org.eclipse.lsp4j.jsonrpc.RemoteEndpoint handleCancellation
WARNING: Unmatched cancel notification for request id 1638
2022.05.04 13:25:22 WARN  no build target for: C:\Users\Sam\Documents\Coursera\Functional Programming in Scala\FunctionalProgrammingInScalaSpecialization\C1 W1\example\src\main\scala\example\Lists.scala
2022.05.04 13:25:53 WARN  no build target for: C:\Users\Sam\Documents\Coursera\Functional Programming in Scala\FunctionalProgrammingInScalaSpecialization\C1 W1\example\src\main\scala\example\Lists.scala
2022.05.04 13:27:38 WARN  no build target for: C:\Users\Sam\Documents\Coursera\Functional Programming in Scala\FunctionalProgrammingInScalaSpecialization\C1 W1\example\src\test\scala\example\ListsSuite.scala
2022.05.04 17:18:42 WARN  no build target for: C:\Users\Sam\Documents\Coursera\Functional Programming in Scala\FunctionalProgrammingInScalaSpecialization\C1 W1\example\src\test\scala\example\ListsSuite.scala
2022.05.04 17:21:02 WARN  no build target for: C:\Users\Sam\Documents\Coursera\Functional Programming in Scala\FunctionalProgrammingInScalaSpecialization\C1 W1\example\src\test\scala\example\ListsSuite.scala
2022.05.04 17:21:14 WARN  no build target for: C:\Users\Sam\Documents\Coursera\Functional Programming in Scala\FunctionalProgrammingInScalaSpecialization\C1 W1\example\src\test\scala\example\ListsSuite.scala
2022.05.04 17:21:24 WARN  no build target for: C:\Users\Sam\Documents\Coursera\Functional Programming in Scala\FunctionalProgrammingInScalaSpecialization\C1 W1\example\src\test\scala\example\ListsSuite.scala
2022.05.04 17:21:26 WARN  no build target for: C:\Users\Sam\Documents\Coursera\Functional Programming in Scala\FunctionalProgrammingInScalaSpecialization\C1 W1\example\src\test\scala\example\ListsSuite.scala
May 04, 2022 5:21:26 PM org.eclipse.lsp4j.jsonrpc.RemoteEndpoint fallbackResponseError
SEVERE: Internal error: scala.meta.internal.metals.debug.BuildTargetNotFoundForPathException: No build target could be found for the path: C:\Users\Sam\Documents\Coursera\Functional Programming in Scala\FunctionalProgrammingInScalaSpecialization\C1 W1\example\src\test\scala\example\ListsSuite.scala
java.util.concurrent.CompletionException: scala.meta.internal.metals.debug.BuildTargetNotFoundForPathException: No build target could be found for the path: C:\Users\Sam\Documents\Coursera\Functional Programming in Scala\FunctionalProgrammingInScalaSpecialization\C1 W1\example\src\test\scala\example\ListsSuite.scala
	at java.base/java.util.concurrent.CompletableFuture.encodeThrowable(CompletableFuture.java:332)
	at java.base/java.util.concurrent.CompletableFuture.uniAcceptNow(CompletableFuture.java:747)
	at java.base/java.util.concurrent.CompletableFuture.uniAcceptStage(CompletableFuture.java:735)
	at java.base/java.util.concurrent.CompletableFuture.thenAcceptAsync(CompletableFuture.java:2186)
	at scala.concurrent.java8.FuturesConvertersImpl$CF.thenAccept(FutureConvertersImpl.scala:37)
	at org.eclipse.lsp4j.jsonrpc.RemoteEndpoint.handleRequest(RemoteEndpoint.java:279)
	at org.eclipse.lsp4j.jsonrpc.RemoteEndpoint.consume(RemoteEndpoint.java:190)
	at org.eclipse.lsp4j.jsonrpc.json.StreamMessageProducer.handleMessage(StreamMessageProducer.java:194)
	at org.eclipse.lsp4j.jsonrpc.json.StreamMessageProducer.listen(StreamMessageProducer.java:94)
	at org.eclipse.lsp4j.jsonrpc.json.ConcurrentMessageProcessor.run(ConcurrentMessageProcessor.java:113)
	at java.base/java.util.concurrent.Executors$RunnableAdapter.call(Executors.java:539)
	at java.base/java.util.concurrent.FutureTask.run(FutureTask.java:264)
	at java.base/java.util.concurrent.ThreadPoolExecutor.runWorker(ThreadPoolExecutor.java:1136)
	at java.base/java.util.concurrent.ThreadPoolExecutor$Worker.run(ThreadPoolExecutor.java:635)
	at java.base/java.lang.Thread.run(Thread.java:833)
Caused by: scala.meta.internal.metals.debug.BuildTargetNotFoundForPathException: No build target could be found for the path: C:\Users\Sam\Documents\Coursera\Functional Programming in Scala\FunctionalProgrammingInScalaSpecialization\C1 W1\example\src\test\scala\example\ListsSuite.scala
	at scala.meta.internal.metals.debug.DebugProvider.debugDiscovery(DebugProvider.scala:398)
	at scala.meta.internal.metals.MetalsLanguageServer.executeCommand(MetalsLanguageServer.scala:1853)
	at java.base/jdk.internal.reflect.NativeMethodAccessorImpl.invoke0(Native Method)
	at java.base/jdk.internal.reflect.NativeMethodAccessorImpl.invoke(NativeMethodAccessorImpl.java:77)
	at java.base/jdk.internal.reflect.DelegatingMethodAccessorImpl.invoke(DelegatingMethodAccessorImpl.java:43)
	at java.base/java.lang.reflect.Method.invoke(Method.java:568)
	at org.eclipse.lsp4j.jsonrpc.services.GenericEndpoint.lambda$null$0(GenericEndpoint.java:65)
	at org.eclipse.lsp4j.jsonrpc.services.GenericEndpoint.request(GenericEndpoint.java:120)
	at org.eclipse.lsp4j.jsonrpc.RemoteEndpoint.handleRequest(RemoteEndpoint.java:261)
	... 9 more

2022.05.04 17:24:02 WARN  no build target for: C:\Users\Sam\Documents\Coursera\Functional Programming in Scala\FunctionalProgrammingInScalaSpecialization\C1 W1\example\src\test\scala\example\ListsSuite.scala
2022.05.04 17:28:52 WARN  no build target for: C:\Users\Sam\Documents\Coursera\Functional Programming in Scala\FunctionalProgrammingInScalaSpecialization\C1 W1\recfun\src\main\scala\recfun\RecFun.scala
2022.05.04 17:28:55 WARN  no build target for: C:\Users\Sam\Documents\Coursera\Functional Programming in Scala\FunctionalProgrammingInScalaSpecialization\C1 W1\recfun\src\main\scala\recfun\RecFunInterface.scala
2022.05.04 17:29:01 WARN  no build target for: C:\Users\Sam\Documents\Coursera\Functional Programming in Scala\FunctionalProgrammingInScalaSpecialization\C1 W1\recfun\src\main\scala\recfun\RecFun.scala
2022.05.04 17:29:03 WARN  no build target for: C:\Users\Sam\Documents\Coursera\Functional Programming in Scala\FunctionalProgrammingInScalaSpecialization\C1 W1\recfun\src\test\scala\recfun\RecFunSuite.scala
2022.05.04 17:36:21 WARN  no build target for: C:\Users\Sam\Documents\Coursera\Functional Programming in Scala\FunctionalProgrammingInScalaSpecialization\C1 W1\recfun\src\main\scala\recfun\RecFun.scala
2022.05.04 19:23:46 WARN  no build target for: C:\Users\Sam\Documents\Coursera\Functional Programming in Scala\FunctionalProgrammingInScalaSpecialization\C1 W1\recfun\src\main\scala\recfun\RecFun.scala
2022.05.04 19:36:46 WARN  no build target for: C:\Users\Sam\Documents\Coursera\Functional Programming in Scala\FunctionalProgrammingInScalaSpecialization\C1 W1\recfun\src\test\scala\recfun\RecFunSuite.scala
May 04, 2022 8:41:19 PM org.eclipse.lsp4j.jsonrpc.RemoteEndpoint fallbackResponseError
SEVERE: Internal error: java.lang.reflect.InvocationTargetException
java.lang.RuntimeException: java.lang.reflect.InvocationTargetException
	at org.eclipse.lsp4j.jsonrpc.services.GenericEndpoint.lambda$null$0(GenericEndpoint.java:67)
	at org.eclipse.lsp4j.jsonrpc.services.GenericEndpoint.request(GenericEndpoint.java:120)
	at org.eclipse.lsp4j.jsonrpc.RemoteEndpoint.handleRequest(RemoteEndpoint.java:261)
	at org.eclipse.lsp4j.jsonrpc.RemoteEndpoint.consume(RemoteEndpoint.java:190)
	at org.eclipse.lsp4j.jsonrpc.json.StreamMessageProducer.handleMessage(StreamMessageProducer.java:194)
	at org.eclipse.lsp4j.jsonrpc.json.StreamMessageProducer.listen(StreamMessageProducer.java:94)
	at org.eclipse.lsp4j.jsonrpc.json.ConcurrentMessageProcessor.run(ConcurrentMessageProcessor.java:113)
	at java.base/java.util.concurrent.Executors$RunnableAdapter.call(Executors.java:539)
	at java.base/java.util.concurrent.FutureTask.run(FutureTask.java:264)
	at java.base/java.util.concurrent.ThreadPoolExecutor.runWorker(ThreadPoolExecutor.java:1136)
	at java.base/java.util.concurrent.ThreadPoolExecutor$Worker.run(ThreadPoolExecutor.java:635)
	at java.base/java.lang.Thread.run(Thread.java:833)
Caused by: java.lang.reflect.InvocationTargetException
	at jdk.internal.reflect.GeneratedMethodAccessor6.invoke(Unknown Source)
	at java.base/jdk.internal.reflect.DelegatingMethodAccessorImpl.invoke(DelegatingMethodAccessorImpl.java:43)
	at java.base/java.lang.reflect.Method.invoke(Method.java:568)
	at org.eclipse.lsp4j.jsonrpc.services.GenericEndpoint.lambda$null$0(GenericEndpoint.java:65)
	... 11 more
Caused by: java.lang.IllegalArgumentException: 29 is not a valid line number, allowed [0..28]
	at scala.meta.internal.inputs.InternalInput.lineToOffset(InternalInput.scala:37)
	at scala.meta.internal.inputs.InternalInput.lineToOffset$(InternalInput.scala:32)
	at scala.meta.inputs.Input$VirtualFile.lineToOffset(Input.scala:80)
	at scala.meta.inputs.Position$Range$.apply(Position.scala:59)
	at scala.meta.internal.mtags.MtagsEnrichments$XtensionPositionLspInverse.toMeta(MtagsEnrichments.scala:179)
	at scala.meta.internal.parsing.Trees.$anonfun$findLastEnclosingAt$4(Trees.scala:76)
	at scala.Option.flatMap(Option.scala:283)
	at scala.meta.internal.parsing.Trees.findLastEnclosingAt(Trees.scala:75)
	at scala.meta.internal.metals.codeactions.PatternMatchRefactor.contribute(PatternMatchRefactor.scala:96)
	at scala.meta.internal.metals.CodeActionProvider$$anonfun$1.applyOrElse(CodeActionProvider.scala:64)
	at scala.meta.internal.metals.CodeActionProvider$$anonfun$1.applyOrElse(CodeActionProvider.scala:63)
	at scala.collection.immutable.List.collect(List.scala:275)
	at scala.meta.internal.metals.CodeActionProvider.codeActions(CodeActionProvider.scala:63)
	at scala.meta.internal.metals.MetalsLanguageServer.$anonfun$codeAction$1(MetalsLanguageServer.scala:1639)
	at scala.meta.internal.metals.CancelTokens$.future(CancelTokens.scala:38)
	at scala.meta.internal.metals.MetalsLanguageServer.codeAction(MetalsLanguageServer.scala:1638)
	... 15 more

May 04, 2022 8:41:51 PM org.eclipse.lsp4j.jsonrpc.RemoteEndpoint fallbackResponseError
SEVERE: Internal error: java.lang.reflect.InvocationTargetException
java.lang.RuntimeException: java.lang.reflect.InvocationTargetException
	at org.eclipse.lsp4j.jsonrpc.services.GenericEndpoint.lambda$null$0(GenericEndpoint.java:67)
	at org.eclipse.lsp4j.jsonrpc.services.GenericEndpoint.request(GenericEndpoint.java:120)
	at org.eclipse.lsp4j.jsonrpc.RemoteEndpoint.handleRequest(RemoteEndpoint.java:261)
	at org.eclipse.lsp4j.jsonrpc.RemoteEndpoint.consume(RemoteEndpoint.java:190)
	at org.eclipse.lsp4j.jsonrpc.json.StreamMessageProducer.handleMessage(StreamMessageProducer.java:194)
	at org.eclipse.lsp4j.jsonrpc.json.StreamMessageProducer.listen(StreamMessageProducer.java:94)
	at org.eclipse.lsp4j.jsonrpc.json.ConcurrentMessageProcessor.run(ConcurrentMessageProcessor.java:113)
	at java.base/java.util.concurrent.Executors$RunnableAdapter.call(Executors.java:539)
	at java.base/java.util.concurrent.FutureTask.run(FutureTask.java:264)
	at java.base/java.util.concurrent.ThreadPoolExecutor.runWorker(ThreadPoolExecutor.java:1136)
	at java.base/java.util.concurrent.ThreadPoolExecutor$Worker.run(ThreadPoolExecutor.java:635)
	at java.base/java.lang.Thread.run(Thread.java:833)
Caused by: java.lang.reflect.InvocationTargetException
	at jdk.internal.reflect.GeneratedMethodAccessor6.invoke(Unknown Source)
	at java.base/jdk.internal.reflect.DelegatingMethodAccessorImpl.invoke(DelegatingMethodAccessorImpl.java:43)
	at java.base/java.lang.reflect.Method.invoke(Method.java:568)
	at org.eclipse.lsp4j.jsonrpc.services.GenericEndpoint.lambda$null$0(GenericEndpoint.java:65)
	... 11 more
Caused by: java.lang.IllegalArgumentException: 29 is not a valid line number, allowed [0..28]
	at scala.meta.internal.inputs.InternalInput.lineToOffset(InternalInput.scala:37)
	at scala.meta.internal.inputs.InternalInput.lineToOffset$(InternalInput.scala:32)
	at scala.meta.inputs.Input$VirtualFile.lineToOffset(Input.scala:80)
	at scala.meta.inputs.Position$Range$.apply(Position.scala:59)
	at scala.meta.internal.mtags.MtagsEnrichments$XtensionPositionLspInverse.toMeta(MtagsEnrichments.scala:179)
	at scala.meta.internal.parsing.Trees.$anonfun$findLastEnclosingAt$4(Trees.scala:76)
	at scala.Option.flatMap(Option.scala:283)
	at scala.meta.internal.parsing.Trees.findLastEnclosingAt(Trees.scala:75)
	at scala.meta.internal.metals.codeactions.PatternMatchRefactor.contribute(PatternMatchRefactor.scala:96)
	at scala.meta.internal.metals.CodeActionProvider$$anonfun$1.applyOrElse(CodeActionProvider.scala:64)
	at scala.meta.internal.metals.CodeActionProvider$$anonfun$1.applyOrElse(CodeActionProvider.scala:63)
	at scala.collection.immutable.List.collect(List.scala:275)
	at scala.meta.internal.metals.CodeActionProvider.codeActions(CodeActionProvider.scala:63)
	at scala.meta.internal.metals.MetalsLanguageServer.$anonfun$codeAction$1(MetalsLanguageServer.scala:1639)
	at scala.meta.internal.metals.CancelTokens$.future(CancelTokens.scala:38)
	at scala.meta.internal.metals.MetalsLanguageServer.codeAction(MetalsLanguageServer.scala:1638)
	... 15 more

May 04, 2022 8:41:52 PM org.eclipse.lsp4j.jsonrpc.RemoteEndpoint fallbackResponseError
SEVERE: Internal error: java.lang.reflect.InvocationTargetException
java.lang.RuntimeException: java.lang.reflect.InvocationTargetException
	at org.eclipse.lsp4j.jsonrpc.services.GenericEndpoint.lambda$null$0(GenericEndpoint.java:67)
	at org.eclipse.lsp4j.jsonrpc.services.GenericEndpoint.request(GenericEndpoint.java:120)
	at org.eclipse.lsp4j.jsonrpc.RemoteEndpoint.handleRequest(RemoteEndpoint.java:261)
	at org.eclipse.lsp4j.jsonrpc.RemoteEndpoint.consume(RemoteEndpoint.java:190)
	at org.eclipse.lsp4j.jsonrpc.json.StreamMessageProducer.handleMessage(StreamMessageProducer.java:194)
	at org.eclipse.lsp4j.jsonrpc.json.StreamMessageProducer.listen(StreamMessageProducer.java:94)
	at org.eclipse.lsp4j.jsonrpc.json.ConcurrentMessageProcessor.run(ConcurrentMessageProcessor.java:113)
	at java.base/java.util.concurrent.Executors$RunnableAdapter.call(Executors.java:539)
	at java.base/java.util.concurrent.FutureTask.run(FutureTask.java:264)
	at java.base/java.util.concurrent.ThreadPoolExecutor.runWorker(ThreadPoolExecutor.java:1136)
	at java.base/java.util.concurrent.ThreadPoolExecutor$Worker.run(ThreadPoolExecutor.java:635)
	at java.base/java.lang.Thread.run(Thread.java:833)
Caused by: java.lang.reflect.InvocationTargetException
	at jdk.internal.reflect.GeneratedMethodAccessor6.invoke(Unknown Source)
	at java.base/jdk.internal.reflect.DelegatingMethodAccessorImpl.invoke(DelegatingMethodAccessorImpl.java:43)
	at java.base/java.lang.reflect.Method.invoke(Method.java:568)
	at org.eclipse.lsp4j.jsonrpc.services.GenericEndpoint.lambda$null$0(GenericEndpoint.java:65)
	... 11 more
Caused by: java.lang.IllegalArgumentException: 30 is not a valid line number, allowed [0..28]
	at scala.meta.internal.inputs.InternalInput.lineToOffset(InternalInput.scala:37)
	at scala.meta.internal.inputs.InternalInput.lineToOffset$(InternalInput.scala:32)
	at scala.meta.inputs.Input$VirtualFile.lineToOffset(Input.scala:80)
	at scala.meta.inputs.Position$Range$.apply(Position.scala:59)
	at scala.meta.internal.mtags.MtagsEnrichments$XtensionPositionLspInverse.toMeta(MtagsEnrichments.scala:179)
	at scala.meta.internal.parsing.Trees.$anonfun$findLastEnclosingAt$4(Trees.scala:76)
	at scala.Option.flatMap(Option.scala:283)
	at scala.meta.internal.parsing.Trees.findLastEnclosingAt(Trees.scala:75)
	at scala.meta.internal.metals.codeactions.PatternMatchRefactor.contribute(PatternMatchRefactor.scala:96)
	at scala.meta.internal.metals.CodeActionProvider$$anonfun$1.applyOrElse(CodeActionProvider.scala:64)
	at scala.meta.internal.metals.CodeActionProvider$$anonfun$1.applyOrElse(CodeActionProvider.scala:63)
	at scala.collection.immutable.List.collect(List.scala:275)
	at scala.meta.internal.metals.CodeActionProvider.codeActions(CodeActionProvider.scala:63)
	at scala.meta.internal.metals.MetalsLanguageServer.$anonfun$codeAction$1(MetalsLanguageServer.scala:1639)
	at scala.meta.internal.metals.CancelTokens$.future(CancelTokens.scala:38)
	at scala.meta.internal.metals.MetalsLanguageServer.codeAction(MetalsLanguageServer.scala:1638)
	... 15 more

2022.05.04 20:42:00 WARN  no build target for: C:\Users\Sam\Documents\Coursera\Functional Programming in Scala\FunctionalProgrammingInScalaSpecialization\C1 W1\recfun\src\main\scala\recfun\RecFun.scala
2022.05.04 20:42:52 WARN  no build target for: C:\Users\Sam\Documents\Coursera\Functional Programming in Scala\FunctionalProgrammingInScalaSpecialization\C1 W1\recfun\src\main\scala\recfun\RecFun.scala
2022.05.05 03:53:33 WARN  no build target for: C:\Users\Sam\Documents\Coursera\Functional Programming in Scala\FunctionalProgrammingInScalaSpecialization\C1 W1\recfun\src\main\scala\recfun\RecFun.scala
2022.05.05 05:35:27 WARN  no build target for: C:\Users\Sam\Documents\Coursera\Functional Programming in Scala\FunctionalProgrammingInScalaSpecialization\C1 W1\recfun\src\main\scala\recfun\RecFun.scala
2022.05.05 05:36:41 WARN  no build target for: C:\Users\Sam\Documents\Coursera\Functional Programming in Scala\FunctionalProgrammingInScalaSpecialization\C1 W1\recfun\src\main\scala\recfun\RecFun.scala
2022.05.05 05:38:31 WARN  no build target for: C:\Users\Sam\Documents\Coursera\Functional Programming in Scala\FunctionalProgrammingInScalaSpecialization\C1 W1\recfun\src\main\scala\recfun\RecFun.scala
2022.05.05 05:39:06 WARN  no build target for: C:\Users\Sam\Documents\Coursera\Functional Programming in Scala\FunctionalProgrammingInScalaSpecialization\C1 W1\recfun\src\main\scala\recfun\RecFunInterface.scala
2022.05.05 05:39:18 WARN  no build target for: C:\Users\Sam\Documents\Coursera\Functional Programming in Scala\FunctionalProgrammingInScalaSpecialization\C1 W1\recfun\build.sbt
2022.05.05 05:39:20 WARN  no build target for: C:\Users\Sam\Documents\Coursera\Functional Programming in Scala\FunctionalProgrammingInScalaSpecialization\C1 W1\recfun\assignment.sbt
2022.05.05 05:39:27 WARN  no build target for: C:\Users\Sam\Documents\Coursera\Functional Programming in Scala\FunctionalProgrammingInScalaSpecialization\C1 W1\recfun\src\test\scala\recfun\RecFunSuite.scala
2022.05.06 00:16:32 WARN  no build target for: C:\Users\Sam\Documents\Coursera\Functional Programming in Scala\FunctionalProgrammingInScalaSpecialization\C1 W1\example\build.sbt
2022.05.06 00:16:35 WARN  no build target for: C:\Users\Sam\Documents\Coursera\Functional Programming in Scala\FunctionalProgrammingInScalaSpecialization\C1 W1\example\assignment.sbt
2022.05.06 00:28:27 WARN  no build target for: C:\Users\Sam\Documents\Coursera\Functional Programming in Scala\FunctionalProgrammingInScalaSpecialization\C1 W2\funsets\src\test\scala\funsets\FunSetSuite.scala
2022.05.06 00:36:02 WARN  no build target for: C:\Users\Sam\Documents\Coursera\Functional Programming in Scala\FunctionalProgrammingInScalaSpecialization\C1 W2\funsets\src\main\scala\funsets\Main.scala
2022.05.06 00:36:07 WARN  no build target for: C:\Users\Sam\Documents\Coursera\Functional Programming in Scala\FunctionalProgrammingInScalaSpecialization\C1 W2\funsets\src\main\scala\funsets\FunSets.scala
2022.05.06 01:09:34 WARN  no build target for: C:\Users\Sam\Documents\Coursera\Functional Programming in Scala\FunctionalProgrammingInScalaSpecialization\C1 W2\funsets\src\main\scala\funsets\FunSetsInterface.scala
2022.05.06 01:09:35 WARN  no build target for: C:\Users\Sam\Documents\Coursera\Functional Programming in Scala\FunctionalProgrammingInScalaSpecialization\C1 W2\funsets\src\main\scala\funsets\Main.scala
2022.05.06 01:09:36 WARN  no build target for: C:\Users\Sam\Documents\Coursera\Functional Programming in Scala\FunctionalProgrammingInScalaSpecialization\C1 W2\funsets\src\test\scala\funsets\FunSetSuite.scala
2022.05.06 01:10:16 WARN  no build target for: C:\Users\Sam\Documents\Coursera\Functional Programming in Scala\FunctionalProgrammingInScalaSpecialization\C1 W2\funsets\src\main\scala\funsets\FunSets.scala
2022.05.06 01:10:18 WARN  no build target for: C:\Users\Sam\Documents\Coursera\Functional Programming in Scala\FunctionalProgrammingInScalaSpecialization\C1 W2\funsets\src\test\scala\funsets\FunSetSuite.scala
2022.05.06 01:15:11 WARN  no build target for: C:\Users\Sam\Documents\Coursera\Functional Programming in Scala\FunctionalProgrammingInScalaSpecialization\C1 W2\funsets\src\main\scala\funsets\FunSetsInterface.scala
2022.05.06 01:15:17 WARN  no build target for: C:\Users\Sam\Documents\Coursera\Functional Programming in Scala\FunctionalProgrammingInScalaSpecialization\C1 W2\funsets\src\main\scala\funsets\Main.scala
2022.05.06 01:15:21 WARN  no build target for: C:\Users\Sam\Documents\Coursera\Functional Programming in Scala\FunctionalProgrammingInScalaSpecialization\C1 W2\funsets\src\test\scala\funsets\FunSetSuite.scala
2022.05.11 10:03:11 INFO  shutting down Metals
